[10:05:16] [REI-ReloadPlugins/ERROR] [REI] JEI Plugin [WerewolvesJEIPlugins:werewolves:plugin] of REI Plugin Compatibilities Adapter [rei_plugin_compatibilities, jei] plugin failed to reloadable-plugin/DisplayRegistryImpl/!
java.lang.NoClassDefFoundError: mezz/jei/plugins/vanilla/brewing/BrewingRecipeUtil
	at TRANSFORMER/werewolves@1.0.0.1/de.teamlapen.werewolves.modcompat.jei.WerewolvesJEIPlugins.registerOilBrewingRecipes(WerewolvesJEIPlugins.java:64)
	at TRANSFORMER/werewolves@1.0.0.1/de.teamlapen.werewolves.modcompat.jei.WerewolvesJEIPlugins.registerRecipes(WerewolvesJEIPlugins.java:59)
	at TRANSFORMER/rei_plugin_compatibilities@8.0.46/me.shedaniel.rei.plugincompatibilities.fkEnyfft7oi.JsKvmGZZe6U.registerDisplays(JEIPluginDetector.java:605)
	at TRANSFORMER/roughlyenoughitems@8.3.618/me.shedaniel.rei.impl.client.registry.display.DisplayRegistryImpl.acceptPlugin(DisplayRegistryImpl.java:65)
	at TRANSFORMER/roughlyenoughitems@8.3.618/me.shedaniel.rei.impl.client.registry.display.DisplayRegistryImpl.acceptPlugin(DisplayRegistryImpl.java:51)
	at TRANSFORMER/roughlyenoughitems@8.3.618/me.shedaniel.rei.api.common.registry.Reloadable.acceptPlugin(Reloadable.java:72)
	at TRANSFORMER/roughlyenoughitems@8.3.618/me.shedaniel.rei.impl.common.plugins.PluginManagerImpl.lambda$startReload$9(PluginManagerImpl.java:387)
	at TRANSFORMER/roughlyenoughitems@8.3.618/me.shedaniel.rei.impl.common.plugins.PluginManagerImpl.lambda$pluginSection$4(PluginManagerImpl.java:199)
	at TRANSFORMER/roughlyenoughitems@8.3.618/me.shedaniel.rei.impl.common.plugins.PluginManagerImpl.lambda$startReload$10(PluginManagerImpl.java:377)
	at TRANSFORMER/roughlyenoughitems@8.3.618/me.shedaniel.rei.impl.common.plugins.PluginManagerImpl.pluginSection(PluginManagerImpl.java:197)
	at TRANSFORMER/roughlyenoughitems@8.3.618/me.shedaniel.rei.impl.common.plugins.PluginManagerImpl.startReload(PluginManagerImpl.java:375)
	at TRANSFORMER/roughlyenoughitems@8.3.618/me.shedaniel.rei.RoughlyEnoughItemsCore._reloadPlugins(RoughlyEnoughItemsCore.java:160)
	at TRANSFORMER/roughlyenoughitems@8.3.618/me.shedaniel.rei.RoughlyEnoughItemsCoreClient.lambda$reloadPlugins$24(RoughlyEnoughItemsCoreClient.java:485)
	at java.base/java.util.concurrent.CompletableFuture$AsyncRun.run(CompletableFuture.java:1804)
	at java.base/java.util.concurrent.Executors$RunnableAdapter.call(Executors.java:539)
	at java.base/java.util.concurrent.FutureTask.run(FutureTask.java:264)
	at java.base/java.util.concurrent.ScheduledThreadPoolExecutor$ScheduledFutureTask.run(ScheduledThreadPoolExecutor.java:304)
	at java.base/java.util.concurrent.ThreadPoolExecutor.runWorker(ThreadPoolExecutor.java:1136)
	at java.base/java.util.concurrent.ThreadPoolExecutor$Worker.run(ThreadPoolExecutor.java:635)
	at java.base/java.lang.Thread.run(Thread.java:833)
Caused by: java.lang.ClassNotFoundException: mezz.jei.plugins.vanilla.brewing.BrewingRecipeUtil
	at java.base/jdk.internal.loader.BuiltinClassLoader.loadClass(BuiltinClassLoader.java:641)
	at java.base/java.lang.ClassLoader.loadClass(ClassLoader.java:520)
	at cpw.mods.securejarhandler@1.0.8/cpw.mods.cl.ModuleClassLoader.loadClass(ModuleClassLoader.java:137)
	at java.base/java.lang.ClassLoader.loadClass(ClassLoader.java:520)
	at cpw.mods.securejarhandler@1.0.8/cpw.mods.cl.ModuleClassLoader.loadClass(ModuleClassLoader.java:137)
	at java.base/java.lang.ClassLoader.loadClass(ClassLoader.java:520)
	... 20 more
[10:05:20] [REI-ReloadPlugins/ERROR] [REI] JEI Plugin [JEIAddon:excompressum:jei] of REI Plugin Compatibilities Adapter [rei_plugin_compatibilities, jei] plugin failed to reloadable-plugin/DisplayRegistryImpl/!
java.lang.AbstractMethodError: Receiver class net.blay09.mods.excompressum.registry.hammer.HammerRecipe does not define or inherit an implementation of the resolved method 'abstract net.minecraft.resources.ResourceLocation getId()' of interface net.blay09.mods.excompressum.api.IHammerRecipe.
	at TRANSFORMER/excompressum@5.0.3/net.blay09.mods.excompressum.compat.jei.JeiHammerRecipe.<init>(JeiHammerRecipe.java:21)
	at TRANSFORMER/excompressum@5.0.3/net.blay09.mods.excompressum.compat.jei.JEIAddon.registerRecipes(JEIAddon.java:78)
	at TRANSFORMER/rei_plugin_compatibilities@8.0.46/me.shedaniel.rei.plugincompatibilities.fkEnyfft7oi.JsKvmGZZe6U.registerDisplays(JEIPluginDetector.java:605)
	at TRANSFORMER/roughlyenoughitems@8.3.618/me.shedaniel.rei.impl.client.registry.display.DisplayRegistryImpl.acceptPlugin(DisplayRegistryImpl.java:65)
	at TRANSFORMER/roughlyenoughitems@8.3.618/me.shedaniel.rei.impl.client.registry.display.DisplayRegistryImpl.acceptPlugin(DisplayRegistryImpl.java:51)
	at TRANSFORMER/roughlyenoughitems@8.3.618/me.shedaniel.rei.api.common.registry.Reloadable.acceptPlugin(Reloadable.java:72)
	at TRANSFORMER/roughlyenoughitems@8.3.618/me.shedaniel.rei.impl.common.plugins.PluginManagerImpl.lambda$startReload$9(PluginManagerImpl.java:387)
	at TRANSFORMER/roughlyenoughitems@8.3.618/me.shedaniel.rei.impl.common.plugins.PluginManagerImpl.lambda$pluginSection$4(PluginManagerImpl.java:199)
	at TRANSFORMER/roughlyenoughitems@8.3.618/me.shedaniel.rei.impl.common.plugins.PluginManagerImpl.lambda$startReload$10(PluginManagerImpl.java:377)
	at TRANSFORMER/roughlyenoughitems@8.3.618/me.shedaniel.rei.impl.common.plugins.PluginManagerImpl.pluginSection(PluginManagerImpl.java:197)
	at TRANSFORMER/roughlyenoughitems@8.3.618/me.shedaniel.rei.impl.common.plugins.PluginManagerImpl.startReload(PluginManagerImpl.java:375)
	at TRANSFORMER/roughlyenoughitems@8.3.618/me.shedaniel.rei.RoughlyEnoughItemsCore._reloadPlugins(RoughlyEnoughItemsCore.java:160)
	at TRANSFORMER/roughlyenoughitems@8.3.618/me.shedaniel.rei.RoughlyEnoughItemsCoreClient.lambda$reloadPlugins$24(RoughlyEnoughItemsCoreClient.java:485)
	at java.base/java.util.concurrent.CompletableFuture$AsyncRun.run(CompletableFuture.java:1804)
	at java.base/java.util.concurrent.Executors$RunnableAdapter.call(Executors.java:539)
	at java.base/java.util.concurrent.FutureTask.run(FutureTask.java:264)
	at java.base/java.util.concurrent.ScheduledThreadPoolExecutor$ScheduledFutureTask.run(ScheduledThreadPoolExecutor.java:304)
	at java.base/java.util.concurrent.ThreadPoolExecutor.runWorker(ThreadPoolExecutor.java:1136)
	at java.base/java.util.concurrent.ThreadPoolExecutor$Worker.run(ThreadPoolExecutor.java:635)
	at java.base/java.lang.Thread.run(Thread.java:833)
[10:05:24] [REI-ReloadPlugins/ERROR] [REI] createFocusLink is not supported in REI yet!
[10:05:24] [REI-ReloadPlugins/ERROR] [REI] createFocusLink is not supported in REI yet!
[10:05:24] [REI-ReloadPlugins/ERROR] [REI] createFocusLink is not supported in REI yet!
[10:05:24] [REI-ReloadPlugins/ERROR] [REI] createFocusLink is not supported in REI yet!
[10:05:24] [REI-ReloadPlugins/ERROR] [REI] createFocusLink is not supported in REI yet!
[10:05:24] [REI-ReloadPlugins/ERROR] [REI] createFocusLink is not supported in REI yet!
[10:05:24] [REI-ReloadPlugins/ERROR] [REI] createFocusLink is not supported in REI yet!
[10:05:24] [REI-ReloadPlugins/ERROR] [REI] createFocusLink is not supported in REI yet!
[10:05:24] [REI-ReloadPlugins/ERROR] [REI] createFocusLink is not supported in REI yet!
[10:05:24] [REI-ReloadPlugins/ERROR] [REI] createFocusLink is not supported in REI yet!
[10:05:24] [REI-ReloadPlugins/ERROR] [REI] createFocusLink is not supported in REI yet!
[10:05:24] [REI-ReloadPlugins/ERROR] [REI] createFocusLink is not supported in REI yet!
[10:05:24] [REI-ReloadPlugins/ERROR] [REI] createFocusLink is not supported in REI yet!
[10:05:24] [REI-ReloadPlugins/ERROR] [REI] createFocusLink is not supported in REI yet!
[10:05:24] [REI-ReloadPlugins/ERROR] [REI] createFocusLink is not supported in REI yet!
[10:05:24] [REI-ReloadPlugins/ERROR] [REI] createFocusLink is not supported in REI yet!
[10:05:24] [REI-ReloadPlugins/ERROR] [REI] createFocusLink is not supported in REI yet!
[10:05:24] [REI-ReloadPlugins/ERROR] [REI] createFocusLink is not supported in REI yet!
[10:05:24] [REI-ReloadPlugins/ERROR] [REI] createFocusLink is not supported in REI yet!
[10:05:24] [REI-ReloadPlugins/ERROR] [REI] createFocusLink is not supported in REI yet!
[10:05:24] [REI-ReloadPlugins/ERROR] [REI] createFocusLink is not supported in REI yet!
[10:05:24] [REI-ReloadPlugins/ERROR] [REI] createFocusLink is not supported in REI yet!
[10:05:24] [REI-ReloadPlugins/ERROR] [REI] createFocusLink is not supported in REI yet!
[10:05:24] [REI-ReloadPlugins/ERROR] [REI] createFocusLink is not supported in REI yet!
[10:05:24] [REI-ReloadPlugins/ERROR] [REI] createFocusLink is not supported in REI yet!
[10:05:24] [REI-ReloadPlugins/ERROR] [REI] createFocusLink is not supported in REI yet!
[10:05:24] [REI-ReloadPlugins/ERROR] [REI] createFocusLink is not supported in REI yet!
[10:05:24] [REI-ReloadPlugins/ERROR] [REI] createFocusLink is not supported in REI yet!
[10:05:24] [REI-ReloadPlugins/ERROR] [REI] createFocusLink is not supported in REI yet!
[10:05:24] [REI-ReloadPlugins/ERROR] [REI] createFocusLink is not supported in REI yet!
[10:05:24] [REI-ReloadPlugins/ERROR] [REI] createFocusLink is not supported in REI yet!
[10:05:24] [REI-ReloadPlugins/ERROR] [REI] createFocusLink is not supported in REI yet!
[10:05:24] [REI-ReloadPlugins/ERROR] [REI] createFocusLink is not supported in REI yet!
[10:05:24] [REI-ReloadPlugins/ERROR] [REI] createFocusLink is not supported in REI yet!
[10:05:24] [REI-ReloadPlugins/ERROR] [REI] createFocusLink is not supported in REI yet!
[10:05:24] [REI-ReloadPlugins/ERROR] [REI] createFocusLink is not supported in REI yet!
[10:05:24] [REI-ReloadPlugins/ERROR] [REI] createFocusLink is not supported in REI yet!
[10:05:24] [REI-ReloadPlugins/ERROR] [REI] createFocusLink is not supported in REI yet!
[10:05:24] [REI-ReloadPlugins/ERROR] [REI] createFocusLink is not supported in REI yet!
[10:05:24] [REI-ReloadPlugins/ERROR] [REI] createFocusLink is not supported in REI yet!
[10:05:24] [REI-ReloadPlugins/ERROR] [REI] createFocusLink is not supported in REI yet!
[10:05:24] [REI-ReloadPlugins/ERROR] [REI] createFocusLink is not supported in REI yet!
[10:05:24] [REI-ReloadPlugins/ERROR] [REI] createFocusLink is not supported in REI yet!
[10:05:24] [REI-ReloadPlugins/ERROR] [REI] createFocusLink is not supported in REI yet!
[10:05:24] [REI-ReloadPlugins/ERROR] [REI] createFocusLink is not supported in REI yet!
[10:05:24] [REI-ReloadPlugins/ERROR] [REI] createFocusLink is not supported in REI yet!
[10:05:24] [REI-ReloadPlugins/ERROR] [REI] createFocusLink is not supported in REI yet!
[10:05:24] [REI-ReloadPlugins/ERROR] [REI] createFocusLink is not supported in REI yet!
[10:05:24] [REI-ReloadPlugins/ERROR] [REI] createFocusLink is not supported in REI yet!
[10:05:24] [REI-ReloadPlugins/ERROR] [REI] createFocusLink is not supported in REI yet!
[10:05:24] [REI-ReloadPlugins/ERROR] [REI] createFocusLink is not supported in REI yet!
[10:05:24] [REI-ReloadPlugins/ERROR] [REI] createFocusLink is not supported in REI yet!
[10:05:24] [REI-ReloadPlugins/ERROR] [REI] createFocusLink is not supported in REI yet!
[10:05:29] [REI-ReloadPlugins/ERROR] [REI] createFocusLink is not supported in REI yet!
[10:05:29] [REI-ReloadPlugins/ERROR] [REI] createFocusLink is not supported in REI yet!
[10:05:29] [REI-ReloadPlugins/ERROR] [REI] createFocusLink is not supported in REI yet!
[10:05:29] [REI-ReloadPlugins/ERROR] [REI] createFocusLink is not supported in REI yet!
[10:05:29] [REI-ReloadPlugins/ERROR] [REI] createFocusLink is not supported in REI yet!
[10:05:29] [REI-ReloadPlugins/ERROR] [REI] createFocusLink is not supported in REI yet!
[10:05:29] [REI-ReloadPlugins/ERROR] [REI] createFocusLink is not supported in REI yet!
[10:05:29] [REI-ReloadPlugins/ERROR] [REI] createFocusLink is not supported in REI yet!
[10:05:29] [REI-ReloadPlugins/ERROR] [REI] createFocusLink is not supported in REI yet!
[10:05:29] [REI-ReloadPlugins/ERROR] [REI] createFocusLink is not supported in REI yet!
[10:05:29] [REI-ReloadPlugins/ERROR] [REI] createFocusLink is not supported in REI yet!
[10:05:29] [REI-ReloadPlugins/ERROR] [REI] createFocusLink is not supported in REI yet!
[10:05:29] [REI-ReloadPlugins/ERROR] [REI] createFocusLink is not supported in REI yet!
[10:05:29] [REI-ReloadPlugins/ERROR] [REI] createFocusLink is not supported in REI yet!
[10:05:29] [REI-ReloadPlugins/ERROR] [REI] createFocusLink is not supported in REI yet!
[10:05:29] [REI-ReloadPlugins/ERROR] [REI] createFocusLink is not supported in REI yet!
[10:05:29] [REI-ReloadPlugins/ERROR] [REI] createFocusLink is not supported in REI yet!
[10:05:29] [REI-ReloadPlugins/ERROR] [REI] createFocusLink is not supported in REI yet!
[10:05:29] [REI-ReloadPlugins/ERROR] [REI] createFocusLink is not supported in REI yet!
[10:05:29] [REI-ReloadPlugins/ERROR] [REI] createFocusLink is not supported in REI yet!
[10:05:29] [REI-ReloadPlugins/ERROR] [REI] createFocusLink is not supported in REI yet!
[10:05:29] [REI-ReloadPlugins/ERROR] [REI] createFocusLink is not supported in REI yet!
[10:05:29] [REI-ReloadPlugins/ERROR] [REI] createFocusLink is not supported in REI yet!
[10:05:29] [REI-ReloadPlugins/ERROR] [REI] createFocusLink is not supported in REI yet!
[10:05:29] [REI-ReloadPlugins/ERROR] [REI] createFocusLink is not supported in REI yet!
[10:05:29] [REI-ReloadPlugins/ERROR] [REI] createFocusLink is not supported in REI yet!
[10:05:29] [REI-ReloadPlugins/ERROR] [REI] createFocusLink is not supported in REI yet!
[10:05:29] [REI-ReloadPlugins/ERROR] [REI] createFocusLink is not supported in REI yet!
[10:05:29] [REI-ReloadPlugins/ERROR] [REI] createFocusLink is not supported in REI yet!
[10:05:29] [REI-ReloadPlugins/ERROR] [REI] createFocusLink is not supported in REI yet!
[10:05:29] [REI-ReloadPlugins/ERROR] [REI] createFocusLink is not supported in REI yet!
[10:05:29] [REI-ReloadPlugins/ERROR] [REI] createFocusLink is not supported in REI yet!
[10:05:29] [REI-ReloadPlugins/ERROR] [REI] createFocusLink is not supported in REI yet!
[10:05:29] [REI-ReloadPlugins/ERROR] [REI] createFocusLink is not supported in REI yet!
[10:05:29] [REI-ReloadPlugins/ERROR] [REI] createFocusLink is not supported in REI yet!
[10:05:29] [REI-ReloadPlugins/ERROR] [REI] createFocusLink is not supported in REI yet!
[10:05:29] [REI-ReloadPlugins/ERROR] [REI] createFocusLink is not supported in REI yet!
[10:05:29] [REI-ReloadPlugins/ERROR] [REI] createFocusLink is not supported in REI yet!
[10:05:29] [REI-ReloadPlugins/ERROR] [REI] createFocusLink is not supported in REI yet!
[10:05:29] [REI-ReloadPlugins/ERROR] [REI] createFocusLink is not supported in REI yet!
[10:05:29] [REI-ReloadPlugins/ERROR] [REI] createFocusLink is not supported in REI yet!
[10:05:29] [REI-ReloadPlugins/ERROR] [REI] createFocusLink is not supported in REI yet!
[10:05:29] [REI-ReloadPlugins/ERROR] [REI] createFocusLink is not supported in REI yet!
[10:05:29] [REI-ReloadPlugins/ERROR] [REI] createFocusLink is not supported in REI yet!
[10:05:29] [REI-ReloadPlugins/ERROR] [REI] createFocusLink is not supported in REI yet!
[10:05:29] [REI-ReloadPlugins/ERROR] [REI] createFocusLink is not supported in REI yet!
[10:05:29] [REI-ReloadPlugins/ERROR] [REI] createFocusLink is not supported in REI yet!
[10:05:29] [REI-ReloadPlugins/ERROR] [REI] createFocusLink is not supported in REI yet!
[10:05:29] [REI-ReloadPlugins/ERROR] [REI] createFocusLink is not supported in REI yet!
[10:05:29] [REI-ReloadPlugins/ERROR] [REI] createFocusLink is not supported in REI yet!
[10:05:29] [REI-ReloadPlugins/ERROR] [REI] createFocusLink is not supported in REI yet!
[10:05:29] [REI-ReloadPlugins/ERROR] [REI] createFocusLink is not supported in REI yet!
[10:05:29] [REI-ReloadPlugins/ERROR] [REI] createFocusLink is not supported in REI yet!
[10:05:29] [REI-ReloadPlugins/ERROR] [REI] createFocusLink is not supported in REI yet!
[10:05:31] [REI-ReloadPlugins/ERROR] [REI] createFocusLink is not supported in REI yet!
